[    0.000000] Linux version 4.15.0-76-generic (buildd@lcy01-amd64-029) (gcc version 7.4.0 (Ubuntu 7.4.0-1ubuntu1~18.04.1)) #86-Ubuntu SMP Fri Jan 17 17:24:28 UTC 2020 (Ubuntu 4.15.0-76.86-generic 4.15.18)
[    0.000000] Command line: BOOT_IMAGE=/boot/vmlinuz-4.15.0-76-generic root=LABEL=cloudimg-rootfs ro console=tty1 console=ttyS0
[    0.000000] KERNEL supported cpus:
[    0.000000]   Intel GenuineIntel
[    0.000000]   AMD AuthenticAMD
[    0.000000]   Centaur CentaurHauls
[    0.000000] x86/fpu: Supporting XSAVE feature 0x001: 'x87 floating point registers'
[    0.000000] x86/fpu: Supporting XSAVE feature 0x002: 'SSE registers'
[    0.000000] x86/fpu: Supporting XSAVE feature 0x004: 'AVX registers'
[    0.000000] x86/fpu: xstate_offset[2]:  576, xstate_sizes[2]:  256
[    0.000000] x86/fpu: Enabled xstate features 0x7, context size is 832 bytes, using 'standard' format.
[    0.000000] e820: BIOS-provided physical RAM map:
[    0.000000] BIOS-e820: [mem 0x0000000000000000-0x000000000009fbff] usable
[    0.000000] BIOS-e820: [mem 0x000000000009fc00-0x000000000009ffff] reserved
[    0.000000] BIOS-e820: [mem 0x00000000000f0000-0x00000000000fffff] reserved
[    0.000000] BIOS-e820: [mem 0x0000000000100000-0x00000000dffeffff] usable
[    0.000000] BIOS-e820: [mem 0x00000000dfff0000-0x00000000dfffffff] ACPI data
[    0.000000] BIOS-e820: [mem 0x00000000fec00000-0x00000000fec00fff] reserved
[    0.000000] BIOS-e820: [mem 0x00000000fee00000-0x00000000fee00fff] reserved
[    0.000000] BIOS-e820: [mem 0x00000000fffc0000-0x00000000ffffffff] reserved
[    0.000000] BIOS-e820: [mem 0x0000000100000000-0x000000011fffffff] usable
[    0.000000] NX (Execute Disable) protection: active
[    0.000000] SMBIOS 2.5 present.
[    0.000000] DMI: innotek GmbH VirtualBox/VirtualBox, BIOS VirtualBox 12/01/2006
[    0.000000] Hypervisor detected: KVM
[    0.000000] e820: last_pfn = 0x120000 max_arch_pfn = 0x400000000
[    0.000000] MTRR: Disabled
[    0.000000] x86/PAT: MTRRs disabled, skipping PAT initialization too.
[    0.000000] CPU MTRRs all blank - virtualized system.
[    0.000000] x86/PAT: Configuration [0-7]: WB  WT  UC- UC  WB  WT  UC- UC  
[    0.000000] e820: last_pfn = 0xdfff0 max_arch_pfn = 0x400000000
[    0.000000] found SMP MP-table at [mem 0x0009fff0-0x0009ffff]
[    0.000000] Scanning 1 areas for low memory corruption
[    0.000000] RAMDISK: [mem 0x35a6f000-0x36d2efff]
[    0.000000] ACPI: Early table checksum verification disabled
[    0.000000] ACPI: RSDP 0x00000000000E0000 000024 (v02 VBOX  )
[    0.000000] ACPI: XSDT 0x00000000DFFF0030 00003C (v01 VBOX   VBOXXSDT 00000001 ASL  00000061)
[    0.000000] ACPI: FACP 0x00000000DFFF00F0 0000F4 (v04 VBOX   VBOXFACP 00000001 ASL  00000061)
[    0.000000] ACPI: DSDT 0x00000000DFFF0470 002325 (v02 VBOX   VBOXBIOS 00000002 INTL 20180105)
[    0.000000] ACPI: FACS 0x00000000DFFF0200 000040
[    0.000000] ACPI: FACS 0x00000000DFFF0200 000040
[    0.000000] ACPI: APIC 0x00000000DFFF0240 00005C (v02 VBOX   VBOXAPIC 00000001 ASL  00000061)
[    0.000000] ACPI: SSDT 0x00000000DFFF02A0 0001CC (v01 VBOX   VBOXCPUT 00000002 INTL 20180105)
[    0.000000] No NUMA configuration found
[    0.000000] Faking a node at [mem 0x0000000000000000-0x000000011fffffff]
[    0.000000] NODE_DATA(0) allocated [mem 0x11ffd1000-0x11fffbfff]
[    0.000000] kvm-clock: cpu 0, msr 1:1ff50001, primary cpu clock
[    0.000000] kvm-clock: Using msrs 4b564d01 and 4b564d00
[    0.000000] kvm-clock: using sched offset of 3376891197 cycles
[    0.000000] clocksource: kvm-clock: mask: 0xffffffffffffffff max_cycles: 0x1cd42e4dffb, max_idle_ns: 881590591483 ns
[    0.000000] Zone ranges:
[    0.000000]   DMA      [mem 0x0000000000001000-0x0000000000ffffff]
[    0.000000]   DMA32    [mem 0x0000000001000000-0x00000000ffffffff]
[    0.000000]   Normal   [mem 0x0000000100000000-0x000000011fffffff]
[    0.000000]   Device   empty
[    0.000000] Movable zone start for each node
[    0.000000] Early memory node ranges
[    0.000000]   node   0: [mem 0x0000000000001000-0x000000000009efff]
[    0.000000]   node   0: [mem 0x0000000000100000-0x00000000dffeffff]
[    0.000000]   node   0: [mem 0x0000000100000000-0x000000011fffffff]
[    0.000000] Reserved but unavailable: 98 pages
[    0.000000] Initmem setup node 0 [mem 0x0000000000001000-0x000000011fffffff]
[    0.000000] ACPI: PM-Timer IO Port: 0x4008
[    0.000000] IOAPIC[0]: apic_id 2, version 32, address 0xfec00000, GSI 0-23
[    0.000000] ACPI: INT_SRC_OVR (bus 0 bus_irq 0 global_irq 2 dfl dfl)
[    0.000000] ACPI: INT_SRC_OVR (bus 0 bus_irq 9 global_irq 9 low level)
[    0.000000] Using ACPI (MADT) for SMP configuration information
[    0.000000] smpboot: Allowing 2 CPUs, 0 hotplug CPUs
[    0.000000] PM: Registered nosave memory: [mem 0x00000000-0x00000fff]
[    0.000000] PM: Registered nosave memory: [mem 0x0009f000-0x0009ffff]
[    0.000000] PM: Registered nosave memory: [mem 0x000a0000-0x000effff]
[    0.000000] PM: Registered nosave memory: [mem 0x000f0000-0x000fffff]
[    0.000000] PM: Registered nosave memory: [mem 0xdfff0000-0xdfffffff]
[    0.000000] PM: Registered nosave memory: [mem 0xe0000000-0xfebfffff]
[    0.000000] PM: Registered nosave memory: [mem 0xfec00000-0xfec00fff]
[    0.000000] PM: Registered nosave memory: [mem 0xfec01000-0xfedfffff]
[    0.000000] PM: Registered nosave memory: [mem 0xfee00000-0xfee00fff]
[    0.000000] PM: Registered nosave memory: [mem 0xfee01000-0xfffbffff]
[    0.000000] PM: Registered nosave memory: [mem 0xfffc0000-0xffffffff]
[    0.000000] e820: [mem 0xe0000000-0xfebfffff] available for PCI devices
[    0.000000] Booting paravirtualized kernel on KVM
[    0.000000] clocksource: refined-jiffies: mask: 0xffffffff max_cycles: 0xffffffff, max_idle_ns: 7645519600211568 ns
[    0.000000] random: get_random_bytes called from start_kernel+0x99/0x4fd with crng_init=0
[    0.000000] setup_percpu: NR_CPUS:8192 nr_cpumask_bits:2 nr_cpu_ids:2 nr_node_ids:1
[    0.000000] percpu: Embedded 45 pages/cpu s147456 r8192 d28672 u1048576
[    0.000000] PV qspinlock hash table entries: 256 (order: 0, 4096 bytes)
[    0.000000] Built 1 zonelists, mobility grouping on.  Total pages: 1032057
[    0.000000] Policy zone: Normal
[    0.000000] Kernel command line: BOOT_IMAGE=/boot/vmlinuz-4.15.0-76-generic root=LABEL=cloudimg-rootfs ro console=tty1 console=ttyS0
[    0.000000] Memory: 4013688K/4193848K available (12300K kernel code, 2481K rwdata, 4260K rodata, 2428K init, 2704K bss, 180160K reserved, 0K cma-reserved)
[    0.000000] SLUB: HWalign=64, Order=0-3, MinObjects=0, CPUs=2, Nodes=1
[    0.000000] Kernel/User page tables isolation: enabled
[    0.000000] ftrace: allocating 39322 entries in 154 pages
[    0.004000] Hierarchical RCU implementation.
[    0.004000] 	RCU restricting CPUs from NR_CPUS=8192 to nr_cpu_ids=2.
[    0.004000] 	Tasks RCU enabled.
[    0.004000] RCU: Adjusting geometry for rcu_fanout_leaf=16, nr_cpu_ids=2
[    0.004000] NR_IRQS: 524544, nr_irqs: 440, preallocated irqs: 16
[    0.004000] Console: colour VGA+ 80x25
[    0.004000] console [tty1] enabled
[    0.004000] console [ttyS0] enabled
[    0.004000] ACPI: Core revision 20170831
[    0.004000] ACPI: 2 ACPI AML tables successfully acquired and loaded
[    0.004000] APIC: Switch to symmetric I/O mode setup
[    0.004000] x2apic enabled
[    0.004000] Switched APIC routing to physical x2apic.
[    0.004000] ..TIMER: vector=0x30 apic1=0 pin1=2 apic2=-1 pin2=-1
[    0.004000] tsc: Detected 1799.995 MHz processor
[    0.004000] Calibrating delay loop (skipped) preset value.. 3599.99 BogoMIPS (lpj=7199980)
[    0.004005] pid_max: default: 32768 minimum: 301
[    0.004590] Security Framework initialized
[    0.005093] Yama: becoming mindful.
[    0.005561] AppArmor: AppArmor initialized
[    0.007562] Dentry cache hash table entries: 524288 (order: 10, 4194304 bytes)
[    0.008710] Inode-cache hash table entries: 262144 (order: 9, 2097152 bytes)
[    0.009614] Mount-cache hash table entries: 8192 (order: 4, 65536 bytes)
[    0.010416] Mountpoint-cache hash table entries: 8192 (order: 4, 65536 bytes)
[    0.012261] Last level iTLB entries: 4KB 64, 2MB 8, 4MB 8
[    0.012947] Last level dTLB entries: 4KB 64, 2MB 0, 4MB 0, 1GB 4
[    0.013646] Spectre V1 : Mitigation: usercopy/swapgs barriers and __user pointer sanitization
[    0.014642] Spectre V2 : Mitigation: Full generic retpoline
[    0.015364] Spectre V2 : Spectre v2 / SpectreRSB mitigation: Filling RSB on context switch
[    0.016002] Speculative Store Bypass: Vulnerable
[    0.016598] MDS: Mitigation: Clear CPU buffers
[    0.017308] Freeing SMP alternatives memory: 36K
[    0.128510] smpboot: CPU0: Intel(R) Core(TM) i5-8265U CPU @ 1.60GHz (family: 0x6, model: 0x8e, stepping: 0xc)
[    0.129829] Performance Events: unsupported p6 CPU model 142 no PMU driver, software events only.
[    0.130907] Hierarchical SRCU implementation.
[    0.131987] NMI watchdog: Perf event create on CPU 0 failed with -2
[    0.132002] NMI watchdog: Perf NMI watchdog permanently disabled
[    0.132745] smp: Bringing up secondary CPUs ...
[    0.133889] x86: Booting SMP configuration:
[    0.134420] .... node  #0, CPUs:      #1
[    0.004000] kvm-clock: cpu 1, msr 1:1ff50041, secondary cpu clock
[    0.136028] smp: Brought up 1 node, 2 CPUs
[    0.136530] smpboot: Max logical packages: 1
[    0.137052] smpboot: Total of 2 processors activated (7199.98 BogoMIPS)
[    0.140202] devtmpfs: initialized
[    0.140482] x86/mm: Memory block size: 128MB
[    0.141272] evm: security.selinux
[    0.141709] evm: security.SMACK64
[    0.142161] evm: security.SMACK64EXEC
[    0.142665] evm: security.SMACK64TRANSMUTE
[    0.144003] evm: security.SMACK64MMAP
[    0.144469] evm: security.apparmor
[    0.144899] evm: security.ima
[    0.145300] evm: security.capability
[    0.145781] clocksource: jiffies: mask: 0xffffffff max_cycles: 0xffffffff, max_idle_ns: 7645041785100000 ns
[    0.145781] futex hash table entries: 512 (order: 3, 32768 bytes)
[    0.145925] pinctrl core: initialized pinctrl subsystem
[    0.148089] RTC time:  8:34:52, date: 03/28/20
[    0.148789] NET: Registered protocol family 16
[    0.149391] audit: initializing netlink subsys (disabled)
[    0.150068] audit: type=2000 audit(1585384497.123:1): state=initialized audit_enabled=0 res=1
[    0.150068] cpuidle: using governor ladder
[    0.152011] cpuidle: using governor menu
[    0.152533] ACPI: bus type PCI registered
[    0.153035] acpiphp: ACPI Hot Plug PCI Controller Driver version: 0.5
[    0.153922] PCI: Using configuration type 1 for base access
[    0.156026] HugeTLB registered 2.00 MiB page size, pre-allocated 0 pages
[    0.156815] ACPI: Added _OSI(Module Device)
[    0.156815] ACPI: Added _OSI(Processor Device)
[    0.157152] ACPI: Added _OSI(3.0 _SCP Extensions)
[    0.157152] ACPI: Added _OSI(Processor Aggregator Device)
[    0.157152] ACPI: Added _OSI(Linux-Dell-Video)
[    0.157200] ACPI: Added _OSI(Linux-Lenovo-NV-HDMI-Audio)
[    0.160004] ACPI: Added _OSI(Linux-HPI-Hybrid-Graphics)
[    0.160004] ACPI: Executed 1 blocks of module-level executable AML code
[    0.162199] ACPI: Interpreter enabled
[    0.162685] ACPI: (supports S0 S5)
[    0.163138] ACPI: Using IOAPIC for interrupt routing
[    0.163916] PCI: Using host bridge windows from ACPI; if necessary, use "pci=nocrs" and report a bug
[    0.164125] ACPI: Enabled 2 GPEs in block 00 to 07
[    0.170783] ACPI: PCI Root Bridge [PCI0] (domain 0000 [bus 00-ff])
[    0.171523] acpi PNP0A03:00: _OSC: OS supports [ASPM ClockPM Segments MSI]
[    0.172377] acpi PNP0A03:00: _OSC: not requesting OS control; OS requires [ExtendedConfig ASPM ClockPM MSI]
[    0.173523] acpi PNP0A03:00: fail to add MMCONFIG information, can't access extended PCI configuration space under this bridge.
[    0.175118] PCI host bridge to bus 0000:00
[    0.175624] pci_bus 0000:00: root bus resource [io  0x0000-0x0cf7 window]
[    0.176003] pci_bus 0000:00: root bus resource [io  0x0d00-0xffff window]
[    0.176790] pci_bus 0000:00: root bus resource [mem 0x000a0000-0x000bffff window]
[    0.177690] pci_bus 0000:00: root bus resource [mem 0xe0000000-0xfdffffff window]
[    0.178584] pci_bus 0000:00: root bus resource [bus 00-ff]
[    0.180974] pci 0000:00:01.1: legacy IDE quirk: reg 0x10: [io  0x01f0-0x01f7]
[    0.181839] pci 0000:00:01.1: legacy IDE quirk: reg 0x14: [io  0x03f6]
[    0.182615] pci 0000:00:01.1: legacy IDE quirk: reg 0x18: [io  0x0170-0x0177]
[    0.183483] pci 0000:00:01.1: legacy IDE quirk: reg 0x1c: [io  0x0376]
[    0.237333] pci 0000:00:07.0: quirk: [io  0x4000-0x403f] claimed by PIIX4 ACPI
[    0.240028] pci 0000:00:07.0: quirk: [io  0x4100-0x410f] claimed by PIIX4 SMB
[    0.277364] ACPI: PCI Interrupt Link [LNKA] (IRQs 5 9 10 *11)
[    0.278395] ACPI: PCI Interrupt Link [LNKB] (IRQs 5 9 *10 11)
[    0.279177] ACPI: PCI Interrupt Link [LNKC] (IRQs 5 *9 10 11)
[    0.280000] ACPI: PCI Interrupt Link [LNKD] (IRQs 5 9 10 *11)
[    0.280323] SCSI subsystem initialized
[    0.284069] pci 0000:00:02.0: vgaarb: setting as boot VGA device
[    0.284798] pci 0000:00:02.0: vgaarb: VGA device added: decodes=io+mem,owns=io+mem,locks=none
[    0.285808] pci 0000:00:02.0: vgaarb: bridge control possible
[    0.286488] vgaarb: loaded
[    0.286488] ACPI: bus type USB registered
[    0.286488] usbcore: registered new interface driver usbfs
[    0.286488] usbcore: registered new interface driver hub
[    0.288002] usbcore: registered new device driver usb
[    0.288023] EDAC MC: Ver: 3.0.0
[    0.288576] PCI: Using ACPI for IRQ routing
[    0.288576] NetLabel: Initializing
[    0.288654] NetLabel:  domain hash size = 128
[    0.289184] NetLabel:  protocols = UNLABELED CIPSOv4 CALIPSO
[    0.292001] NetLabel:  unlabeled traffic allowed by default
[    0.292114] clocksource: Switched to clocksource kvm-clock
[    0.303217] VFS: Disk quotas dquot_6.6.0
[    0.303850] VFS: Dquot-cache hash table entries: 512 (order 0, 4096 bytes)
[    0.304776] AppArmor: AppArmor Filesystem Enabled
[    0.305394] pnp: PnP ACPI init
[    0.306617] pnp: PnP ACPI: found 3 devices
[    0.312435] clocksource: acpi_pm: mask: 0xffffff max_cycles: 0xffffff, max_idle_ns: 2085701024 ns
[    0.313543] NET: Registered protocol family 2
[    0.314241] TCP established hash table entries: 32768 (order: 6, 262144 bytes)
[    0.315171] TCP bind hash table entries: 32768 (order: 7, 524288 bytes)
[    0.316037] TCP: Hash tables configured (established 32768 bind 32768)
[    0.316878] UDP hash table entries: 2048 (order: 4, 65536 bytes)
[    0.317605] UDP-Lite hash table entries: 2048 (order: 4, 65536 bytes)
[    0.318390] NET: Registered protocol family 1
[    0.318937] pci 0000:00:00.0: Limiting direct PCI/PCI transfers
[    0.319650] pci 0000:00:01.0: Activating ISA DMA hang workarounds
[    0.320411] pci 0000:00:02.0: Video device with shadowed ROM at [mem 0x000c0000-0x000dffff]
[    0.321481] Unpacking initramfs...
[    0.556072] Freeing initrd memory: 19200K
[    0.560589] PCI-DMA: Using software bounce buffering for IO (SWIOTLB)
[    0.561359] software IO TLB: mapped [mem 0xdbff0000-0xdfff0000] (64MB)
[    0.562158] clocksource: tsc: mask: 0xffffffffffffffff max_cycles: 0x19f224e3c43, max_idle_ns: 440795212657 ns
[    0.563346] platform rtc_cmos: registered platform RTC device (no PNP device found)
[    0.564271] Scanning for low memory corruption every 60 seconds
[    0.566003] Initialise system trusted keyrings
[    0.566598] Key type blacklist registered
[    0.567149] workingset: timestamp_bits=36 max_order=20 bucket_order=0
[    0.568666] zbud: loaded
[    0.570161] squashfs: version 4.0 (2009/01/31) Phillip Lougher
[    0.572285] fuse init (API version 7.26)
[    0.575244] Key type asymmetric registered
[    0.575759] Asymmetric key parser 'x509' registered
[    0.576419] Block layer SCSI generic (bsg) driver version 0.4 loaded (major 246)
[    0.577428] io scheduler noop registered
[    0.577916] io scheduler deadline registered
[    0.578458] io scheduler cfq registered (default)
[    0.579290] ACPI: AC Adapter [AC] (on-line)
[    0.579877] input: Power Button as /devices/LNXSYSTM:00/LNXPWRBN:00/input/input0
[    0.580869] ACPI: Power Button [PWRF]
[    0.581385] input: Sleep Button as /devices/LNXSYSTM:00/LNXSLPBN:00/input/input1
[    0.582270] ACPI: Sleep Button [SLPF]
[    0.582988] Serial: 8250/16550 driver, 32 ports, IRQ sharing enabled
[    0.583520] ACPI: Battery Slot [BAT0] (battery present)
[    0.604639] 00:02: ttyS0 at I/O 0x3f8 (irq = 4, base_baud = 115200) is a 16550A
    0.606625] Linux agpgart interface v0.103
[    0.608742] loop: module loaded
[    0.609774] scsi host0: ata_piix
[    0.610435] scsi host1: ata_piix
[    0.610983] ata1: PATA max UDMA/33 cmd 0x1f0 ctl 0x3f6 bmdma 0xd000 irq 14
[    0.611808] ata2: PATA max UDMA/33 cmd 0x170 ctl 0x376 bmdma 0xd008 irq 15
[    0.612689] libphy: Fixed MDIO Bus: probed
[    0.613222] tun: Universal TUN/TAP device driver, 1.6
[    0.613856] PPP generic driver version 2.4.2
[    0.614525] ehci_hcd: USB 2.0 'Enhanced' Host Controller (EHCI) Driver
[    0.615299] ehci-pci: EHCI PCI platform driver
[    0.615856] ehci-platform: EHCI generic platform driver
[    0.616524] ohci_hcd: USB 1.1 'Open' Host Controller (OHCI) Driver
[    0.617322] ohci-pci: OHCI PCI platform driver
[    0.617907] ohci-platform: OHCI generic platform driver
[    0.618595] uhci_hcd: USB Universal Host Controller Interface driver
[    0.619486] i8042: PNP: PS/2 Controller [PNP0303:PS2K,PNP0f03:PS2M] at 0x60,0x64 irq 1,12
[    0.620992] serio: i8042 KBD port at 0x60,0x64 irq 1
[    0.621668] serio: i8042 AUX port at 0x60,0x64 irq 12
[    0.622374] mousedev: PS/2 mouse device common for all mice
[    0.623330] input: AT Translated Set 2 keyboard as /devices/platform/i8042/serio0/input/input2
[    0.624721] rtc_cmos rtc_cmos: rtc core: registered rtc_cmos as rtc0
[    0.625558] rtc_cmos rtc_cmos: alarms up to one day, 114 bytes nvram
[    0.626302] i2c /dev entries driver
[    0.626799] device-mapper: uevent: version 1.0.3
[    0.627587] device-mapper: ioctl: 4.37.0-ioctl (2017-09-20) initialised: dm-devel@redhat.com
[    0.628833] ledtrig-cpu: registered to indicate activity on CPUs
[    0.630236] NET: Registered protocol family 10
[    0.633552] Segment Routing with IPv6
[    0.634095] NET: Registered protocol family 17
[    0.634798] Key type dns_resolver registered
[    0.635564] mce: Using 0 MCE banks
[    0.636080] RAS: Correctable Errors collector initialized.
[    0.636825] sched_clock: Marking stable (636062875, 0)->(828100217, -192037342)
[    0.638710] registered taskstats version 1
[    0.639287] Loading compiled-in X.509 certificates
[    0.641862] Loaded X.509 cert 'Build time autogenerated kernel key: 665cd2b89e03521f57c41865f552ebce30a0c7fb'
[    0.643219] zswap: loaded using pool lzo/zbud
[    0.646467] Key type big_key registered
[    0.647030] Key type trusted registered
[    0.648771] Key type encrypted registered
[    0.649360] AppArmor: AppArmor sha1 policy hashing enabled
[    0.650100] ima: No TPM chip found, activating TPM-bypass! (rc=-19)
[    0.650932] ima: Allocated hash algorithm: sha1
[    0.651568] evm: HMAC attrs: 0x1
[    0.652253]   Magic number: 12:960:574
[    0.652890] rtc_cmos rtc_cmos: setting system clock to 2020-03-28 08:34:53 UTC (1585384493)
[    0.654103] BIOS EDD facility v0.16 2004-Jun-25, 0 devices found
[    0.654899] EDD information not available.
[    0.809851] Freeing unused kernel image memory: 2428K
[    0.820107] Write protecting the kernel read-only data: 20480k
[    0.822119] Freeing unused kernel image memory: 2008K
[    0.823601] Freeing unused kernel image memory: 1884K
[    0.832987] x86/mm: Checked W+X mappings: passed, no W+X pages found.
[    0.833888] x86/mm: Checking user space page tables
[    0.842688] x86/mm: Checked W+X mappings: passed, no W+X pages found.
Loading, please wait...
starting version 237
[    0.906791] e1000: Intel(R) PRO/1000 Network Driver - version 7.3.21-k8-NAPI
[    0.907740] e1000: Copyright (c) 1999-2006 Intel Corporation.
[    0.911239] Fusion MPT base driver 3.04.20
[    0.911760] Copyright (c) 1999-2008 LSI Corporation
[    0.915366] Fusion MPT SPI Host driver 3.04.20
[    0.928249] AVX2 version of gcm_enc/dec engaged.
[    0.928914] AES CTR mode by8 optimization enabled
[    1.117079] input: ImExPS/2 Generic Explorer Mouse as /devices/platform/i8042/serio1/input/input4
[    1.267627] e1000 0000:00:03.0 eth0: (PCI:33MHz:32-bit) 02:b4:6b:8c:b8:1a
[    1.268545] e1000 0000:00:03.0 eth0: Intel(R) PRO/1000 Network Connection
[    1.270248] mptbase: ioc0: Initiating bringup
[    1.364863] ioc0: LSI53C1030 A0: Capabilities={Initiator}
[    1.617682] scsi host2: ioc0: LSI53C1030 A0, FwRev=00000000h, Ports=1, MaxQ=256, IRQ=20
[    1.790801] scsi 2:0:0:0: Direct-Access     VBOX     HARDDISK         1.0  PQ: 0 ANSI: 5
[    1.824370] scsi target2:0:0: Beginning Domain Validation
[    1.831318] scsi target2:0:0: Domain Validation skipping write tests
[    1.835356] scsi target2:0:0: Ending Domain Validation
[    1.839251] scsi target2:0:0: asynchronous
[    1.844173] scsi 2:0:1:0: Direct-Access     VBOX     HARDDISK         1.0  PQ: 0 ANSI: 5
[    2.152680] scsi target2:0:1: Beginning Domain Validation
[    2.155103] random: fast init done
[    2.155824] scsi target2:0:1: Domain Validation skipping write tests
[    2.156959] scsi target2:0:1: Ending Domain Validation
[    2.158136] scsi target2:0:1: asynchronous
[    2.161974] random: systemd-udevd: uninitialized urandom read (16 bytes read)
[    2.163125] random: systemd-udevd: uninitialized urandom read (16 bytes read)
[    2.164266] random: systemd-udevd: uninitialized urandom read (16 bytes read)
[    2.165180] e1000 0000:00:08.0 eth1: (PCI:33MHz:32-bit) 08:00:27:65:f4:fa
[    2.165883] sd 2:0:0:0: [sda] 20971520 512-byte logical blocks: (10.7 GB/10.0 GiB)
[    2.166169] e1000 0000:00:08.0 eth1: Intel(R) PRO/1000 Network Connection
[    2.167456] sd 2:0:0:0: [sda] Write Protect is off
[    2.169034] sd 2:0:0:0: Attached scsi generic sg0 type 0
[    2.169110] sd 2:0:0:0: [sda] Incomplete mode parameter data
[    2.170400] e1000 0000:00:03.0 enp0s3: renamed from eth0
[    2.170586] sd 2:0:0:0: [sda] Assuming drive cache: write through
[    2.171388] sd 2:0:1:0: Attached scsi generic sg1 type 0
[    2.172573] sd 2:0:1:0: [sdb] 20480 512-byte logical blocks: (10.5 MB/10.0 MiB)
[    2.174109] sd 2:0:1:0: [sdb] Write Protect is off
[    2.175060] sd 2:0:1:0: [sdb] Incomplete mode parameter data
[    2.175944] sd 2:0:1:0: [sdb] Assuming drive cache: write through
[    2.177737]  sda: sda1
[    2.178946] sd 2:0:1:0: [sdb] Attached SCSI disk
[    2.179704] sd 2:0:0:0: [sda] Attached SCSI disk
[    2.202339] e1000 0000:00:08.0 enp0s8: renamed from eth1
Begin: Loading essential drivers ... [    3.560088] raid6: sse2x1   gen() 12829 MB/s
[    3.608094] raid6: sse2x1   xor()  7501 MB/s
[    3.656088] raid6: sse2x2   gen() 15803 MB/s
[    3.704096] raid6: sse2x2   xor() 10039 MB/s
[    3.752097] raid6: sse2x4   gen() 16629 MB/s
[    3.800091] raid6: sse2x4   xor()  9730 MB/s
[    3.848089] raid6: avx2x1   gen() 25045 MB/s
[    3.896091] raid6: avx2x1   xor() 14812 MB/s
[    3.944087] raid6: avx2x2   gen() 30487 MB/s
[    3.992087] raid6: avx2x2   xor() 19046 MB/s
[    4.040105] raid6: avx2x4   gen() 32869 MB/s
[    4.088060] raid6: avx2x4   xor() 17883 MB/s
[    4.088780] raid6: using algorithm avx2x4 gen() 32869 MB/s
[    4.089688] raid6: .... xor() 17883 MB/s, rmw enabled
[    4.090531] raid6: using avx2x2 recovery algorithm
[    4.092694] xor: automatically using best checksumming function   avx       
[    4.094978] async_tx: api initialized (async)
done.
Begin: Running /scripts/init-premount ... done.
Begin: Mounting root file system ... Begin: Running /scripts/local-top ... done.
Begin: Running /scripts/local-premount ... [    4.139915] Btrfs loaded, crc32c=crc32c-intel
Scanning for Btrfs filesystems
done.
Warning: fsck not present, so skipping root file system
[    4.161242] EXT4-fs (sda1): mounted filesystem with ordered data mode. Opts: (null)
done.
Begin: Running /scripts/local-bottom ... done.
Begin: Running /scripts/init-bottom ... done.
[    4.319973] ip_tables: (C) 2000-2006 Netfilter Core Team
[    4.329531] systemd[1]: systemd 237 running in system mode. (+PAM +AUDIT +SELINUX +IMA +APPARMOR +SMACK +SYSVINIT +UTMP +LIBCRYPTSETUP +GCRYPT +GNUTLS +ACL +XZ +LZ4 +SECCOMP +BLKID +ELFUTILS +KMOD -IDN2 +IDN -PCRE2 default-hierarchy=hybrid)
[    4.333776] systemd[1]: Detected virtualization oracle.
[    4.334846] systemd[1]: Detected architecture x86-64.

Welcome to [1mUbuntu 18.04.4 LTS[0m!

[    4.341361] systemd[1]: Set hostname to <ubuntu>.
[    4.345269] systemd[1]: Initializing machine ID from random generator.
[    4.346258] systemd[1]: Installed transient /etc/machine-id file.
[    4.677001] systemd[1]: Reached target User and Group Name Lookups.
[[0;32m  OK  [0m] Reached target User and Group Name Lookups.
[    4.680672] systemd[1]: Reached target System Time Synchronized.
[[0;32m  OK  [0m] Reached target System Time Synchronized.
[    4.686639] systemd[1]: Created slice User and Session Slice.
[[0;32m  OK  [0m] Created slice User and Session Slice.
[    4.689538] systemd[1]: Created slice System Slice.
[[0;32m  OK  [0m] Created slice System Slice.
[[0;32m  OK  [0m] Listening on Journal Socket (/dev/log).
[[0;32m  OK  [0m] Created slice system-serial\x2dgetty.slice.
[[0;32m  OK  [0m] Reached target Slices.
[[0;32m  OK  [0m] Listening on Journal Socket.
         Starting Set the console keyboard layout...
         Starting Uncomplicated firewall...
[[0;32m  OK  [0m] Listening on udev Kernel Socket.
         Mounting Huge Pages File System...
[[0;32m  OK  [0m] Listening on Syslog Socket.
         Starting Create list of required st…ce nodes for the current kernel...
[[0;32m  OK  [0m] Listening on LVM2 poll daemon socket.
[[0;32m  OK  [0m] Listening on Journal Audit Socket.
         Starting Load Kernel Modules...
         Mounting Kernel Debug File System...
[[0;32m  OK  [0m] Reached target Swap.
         Mounting POSIX Message Queue File System...
         Starting Journal Service...
[[0;32m  OK  [0m] Listening on udev Control Socket.
         Starting udev Coldplug all Devices...
[[0;32m  OK  [0m] Listening on LVM2 metadata daemon socket.
[[0;32m  OK  [0m] Listening on /dev/initctl Compatibility Named Pipe.
[[0;32m  OK  [0m] Set up automount Arbitrary Executab…rmats File System Automount Point.
[    4.732390] Loading iSCSI transport class v2.0-870.
[    4.736821] iscsi: registered transport (tcp)
[    4.748798] iscsi: registered transport (iser)
         Starting Remount Root and Kernel File Systems...
[[0;32m  OK  [0m] Listening on Network Service Netlink Socket.
[[0;32m  OK  [0m] Started Forward Password Requests to Wall Directory Watch.
[[0;32m  OK  [0m] Listening on Device-mapper event daemon FIFOs.
         Starting Monitoring of LVM2 mirrors…ng dmeventd or progress polling...
[[0;32m  OK  [0m] Started Uncomplicated firewall.
[[0;32m  OK  [0m] Mounted Huge Pages File System.
[[0;32m  OK  [0m] Started Create list of required sta…vice nodes for the current kernel.
[[0;32m  OK  [0m] Started Load Kernel Modules.
[[0;32m  OK  [0m] Mounted Kernel Debug File System.
[[0;32m  OK  [0m] Mounted POSIX Message Queue File System.
         Starting Apply Kernel Variables...
         Mounting FUSE Control File System...
         Mounting Kernel Configuration File System...
         Starting Create Static Device Nodes in /dev...
[[0;32m  OK  [0m] Mounted FUSE Control File System.
[[0;32m  OK  [0m] Mounted Kernel Configuration File System.
[[0;32m  OK  [0m] Started Journal Service.
[[0;32m  OK  [0m] Started udev Coldplug all Devices.
[[0;32m  OK  [0m] Started LVM2 metadata daemon.
[[0;32m  OK  [0m] Started Create Static Device Nodes in /dev.
[[0;32m  OK  [0m] Started Remount Root and Kernel File Systems.
         Starting Flush Journal to Persistent Storage...
         Starting Load/Save Random Seed...
         Starting udev Kernel Device Manager...
[[0;32m  OK  [0m] Started Monitoring of LVM2 mirrors,…sing dmeventd or progress polling.
[[0;32m  OK  [0m] Started Apply Kernel Variables.
[[0;32m  OK  [0m] Started Load/Save Random Seed.
[[0;32m  OK  [0m] Started Flush Journal to Persistent Storage.
[[0;32m  OK  [0m] Started udev Kernel Device Manager.
[[0;32m  OK  [0m] Found device /dev/ttyS0.
[[0;32m  OK  [0m] Listening on Load/Save RF Kill Switch Status /dev/rfkill Watch.
[[0;32m  OK  [0m] Started Set the console keyboard layout.
[[0;32m  OK  [0m] Started Dispatch Password Requests to Console Directory Watch.
[[0;32m  OK  [0m] Reached target Local Encrypted Volumes.
[[0;32m  OK  [0m] Reached target Local File Systems (Pre).
[[0;32m  OK  [0m] Reached target Local File Systems.
         Starting ebtables ruleset management...
         Starting Commit a transient machine-id on disk...
         Starting Create Volatile Files and Directories...
         Starting Set console font and keymap...
         Starting AppArmor initialization...
         Starting Tell Plymouth To Write Out Runtime Data...
[[0;32m  OK  [0m] Started Tell Plymouth To Write Out Runtime Data.
[[0;32m  OK  [0m] Started Set console font and keymap.
[[0;32m  OK  [0m] Started Create Volatile Files and Directories.
         Starting Update UTMP about System Boot/Shutdown...
[[0;32m  OK  [0m] Started Update UTMP about System Boot/Shutdown.
[[0;32m  OK  [0m] Started Commit a transient machine-id on disk.
[[0;32m  OK  [0m] Started ebtables ruleset management.
[[0;32m  OK  [0m] Started AppArmor initialization.
         Starting Initial cloud-init job (pre-networking)...
[    7.305064] cloud-init[653]: Cloud-init v. 19.4-33-gbb4131a2-0ubuntu1~18.04.1 running 'init-local' at Sat, 28 Mar 2020 08:34:59 +0000. Up 7.01 seconds.
[[0;32m  OK  [0m] Started Initial cloud-init job (pre-networking).
[[0;32m  OK  [0m] Reached target Network (Pre).
         Starting Network Service...
[[0;32m  OK  [0m] Started Network Service.
         Starting Wait for Network to be Configured...
         Starting Network Name Resolution...
[[0;32m  OK  [0m] Started Network Name Resolution.
[[0;32m  OK  [0m] Reached target Network.
[[0;32m  OK  [0m] Reached target Host and Network Name Lookups.
[[0;32m  OK  [0m] Started Wait for Network to be Configured.
         Starting Initial cloud-init job (metadata service crawler)...
[    9.601213] cloud-init[773]: Cloud-init v. 19.4-33-gbb4131a2-0ubuntu1~18.04.1 running 'init' at Sat, 28 Mar 2020 08:35:02 +0000. Up 9.49 seconds.
[    9.602372] cloud-init[773]: ci-info: ++++++++++++++++++++++++++++++++++++++Net device info+++++++++++++++++++++++++++++++++++++++
[    9.603343] cloud-init[773]: ci-info: +--------+-------+----------------------------+---------------+--------+-------------------+
[    9.604464] cloud-init[773]: ci-info: | Device |   Up  |          Address           |      Mask     | Scope  |     Hw-Address    |
[    9.605582] cloud-init[773]: ci-info: +--------+-------+----------------------------+---------------+--------+-------------------+
[    9.606625] cloud-init[773]: ci-info: | enp0s3 |  True |         10.0.2.15          | 255.255.255.0 | global | 02:b4:6b:8c:b8:1a |
[    9.607668] cloud-init[773]: ci-info: | enp0s3 |  True | fe80::b4:6bff:fe8c:b81a/64 |       .       |  link  | 02:b4:6b:8c:b8:1a |
[    9.608704] cloud-init[773]: ci-info: | enp0s8 | False |             .              |       .       |   .    | 08:00:27:65:f4:fa |
[    9.609799] cloud-init[773]: ci-info: |   lo   |  True |         127.0.0.1          |   255.0.0.0   |  host  |         .         |
[    9.610910] cloud-init[773]: ci-info: |   lo   |  True |          ::1/128           |       .       |  host  |         .         |
[    9.612017] cloud-init[773]: ci-info: +--------+-------+----------------------------+---------------+--------+-------------------+
[    9.612960] cloud-init[773]: ci-info: ++++++++++++++++++++++++++++Route IPv4 info+++++++++++++++++++++++++++++
[    9.614785] cloud-init[773]: ci-info: +-------+-------------+----------+-----------------+-----------+-------+
[    9.615726] cloud-init[773]: ci-info: | Route | Destination | Gateway  |     Genmask     | Interface | Flags |
[    9.616731] cloud-init[773]: ci-info: +-------+-------------+----------+-----------------+-----------+-------+
[    9.617591] cloud-init[773]: ci-info: |   0   |   0.0.0.0   | 10.0.2.2 |     0.0.0.0     |   enp0s3  |   UG  |
[    9.618537] cloud-init[773]: ci-info: |   1   |   10.0.2.0  | 0.0.0.0  |  255.255.255.0  |   enp0s3  |   U   |
[    9.619342] cloud-init[773]: ci-info: |   2   |   10.0.2.2  | 0.0.0.0  | 255.255.255.255 |   enp0s3  |   UH  |
[    9.620173] cloud-init[773]: ci-info: +-------+-------------+----------+-----------------+-----------+-------+
[    9.621117] cloud-init[773]: ci-info: +++++++++++++++++++Route IPv6 info+++++++++++++++++++
[    9.621927] cloud-init[773]: ci-info: +-------+-------------+---------+-----------+-------+
[    9.622757] cloud-init[773]: ci-info: | Route | Destination | Gateway | Interface | Flags |
[    9.623548] cloud-init[773]: ci-info: +-------+-------------+---------+-----------+-------+
[    9.624601] cloud-init[773]: ci-info: |   1   |  fe80::/64  |    ::   |   enp0s3  |   U   |
[    9.625345] cloud-init[773]: ci-info: |   3   |    local    |    ::   |   enp0s3  |   U   |
[    9.626104] cloud-init[773]: ci-info: |   4   |   ff00::/8  |    ::   |   enp0s3  |   U   |
[    9.627728] cloud-init[773]: ci-info: +-------+-------------+---------+-----------+-------+
[   10.500089] cloud-init[773]: Generating public/private rsa key pair.
[   10.500877] cloud-init[773]: Your identification has been saved in /etc/ssh/ssh_host_rsa_key.
[   10.501899] cloud-init[773]: Your public key has been saved in /etc/ssh/ssh_host_rsa_key.pub.
[   10.502833] cloud-init[773]: The key fingerprint is:
[   10.503426] cloud-init[773]: SHA256:zBB1fsnqjx5ZdT5QuPxfV7N5A4qRSZONNsVVqjpZr54 root@ubuntu-bionic
[   10.504404] cloud-init[773]: The key's randomart image is:
[   10.505007] cloud-init[773]: +---[RSA 2048]----+
[   10.505557] cloud-init[773]: |      ... B...oo |
[   10.506105] cloud-init[773]: |       . X + oo  |
[   10.506600] cloud-init[773]: |      . o * =oo .|
[   10.507102] cloud-init[773]: |       + + o.=.+.|
[   10.507607] cloud-init[773]: |        S +oo o.*|
[   10.508126] cloud-init[773]: |         o++.  ==|
[   10.508631] cloud-init[773]: |         ++  .  *|
[   10.509134] cloud-init[773]: |          .+o   .|
[   10.509692] cloud-init[773]: |         .+E.    |
[   10.510301] cloud-init[773]: +----[SHA256]-----+
[   10.510913] cloud-init[773]: Generating public/private dsa key pair.
[   10.511628] cloud-init[773]: Your identification has been saved in /etc/ssh/ssh_host_dsa_key.
[   10.512610] cloud-init[773]: Your public key has been saved in /etc/ssh/ssh_host_dsa_key.pub.
[   10.513580] cloud-init[773]: The key fingerprint is:
[   10.514193] cloud-init[773]: SHA256:gFcYy07goeiVTpVTfNzfweh7m6ccVdf0zt8ee3krEYM root@ubuntu-bionic
[   10.515135] cloud-init[773]: The key's randomart image is:
[   10.515696] cloud-init[773]: +---[DSA 1024]----+
[   10.516217] cloud-init[773]: |    o.=+o .   o .|
[   10.516789] cloud-init[773]: | . ooB.+ o . . +o|
[   10.517336] cloud-init[773]: |. .+o B .   + . *|
[   10.517887] cloud-init[773]: |. +  + .   E = +o|
[   10.518444] cloud-init[773]: | . .  . S     + +|
[   10.518929] cloud-init[773]: |             o oo|
[   10.519417] cloud-init[773]: |              +.*|
[   10.519901] cloud-init[773]: |             o **|
[   10.520479] cloud-init[773]: |              ++*|
[   10.521012] cloud-init[773]: +----[SHA256]-----+
[   10.521576] cloud-init[773]: Generating public/private ecdsa key pair.
[   10.522374] cloud-init[773]: Your identification has been saved in /etc/ssh/ssh_host_ecdsa_key.
[   10.523232] cloud-init[773]: Your public key has been saved in /etc/ssh/ssh_host_ecdsa_key.pub.
[   10.524099] cloud-init[773]: The key fingerprint is:
[   10.524650] cloud-init[773]: SHA256:IBwVYicyDSjclo0fRjelXyf1eB5dgXGOGoKpT7gSFzI root@ubuntu-bionic
[   10.525615] cloud-init[773]: The key's randomart image is:
[   10.526230] cloud-init[773]: +---[ECDSA 256]---+
[   10.526721] cloud-init[773]: |..=oXo++..   oooo|
[   10.527216] cloud-init[773]: |o. X.O. =   ..* o|
[   10.527709] cloud-init[773]: |. .E=.o+ . + + =.|
[   10.528268] cloud-init[773]: |    oo+.. o = o .|
[   10.528817] cloud-init[773]: |   . + .S. .   . |
[   10.529342] cloud-init[773]: |    o +          |
[   10.529865] cloud-init[773]: |   . . .         |
[   10.530383] cloud-init[773]: |    .            |
[   10.530873] cloud-init[773]: |                 |
[   10.531360] cloud-init[773]: +----[SHA256]-----+
[   10.531839] cloud-init[773]: Generating public/private ed25519 key pair.
[   10.532550] cloud-init[773]: Your identification has been saved in /etc/ssh/ssh_host_ed25519_key.
[   10.533497] cloud-init[773]: Your public key has been saved in /etc/ssh/ssh_host_ed25519_key.pub.
[   10.534433] cloud-init[773]: The key fingerprint is:
[   10.534954] cloud-init[773]: SHA256:y9G2nV3Ibb3D5/FzSRCCST4Gsug3nJleEBxMDUgmgQk root@ubuntu-bionic
[   10.535836] cloud-init[773]: The key's randomart image is:
[   10.536486] cloud-init[773]: +--[ED25519 256]--+
[   10.537028] cloud-init[773]: |E+oo=*+...o      |
[   10.537586] cloud-init[773]: |o o..o+.oo . .   |
[   10.538124] cloud-init[773]: |   . o   +  . .  |
[   10.538637] cloud-init[773]: |  . . = ...  o o.|
[   10.539127] cloud-init[773]: |   . B .S o   + =|
[   10.539609] cloud-init[773]: |    o o. + o o.+.|
[   10.540106] cloud-init[773]: |     .  o . o o=o|
[   10.540669] cloud-init[773]: |               +*|
[   10.541206] cloud-init[773]: |                =|
[   10.541754] cloud-init[773]: +----[SHA256]-----+
[[0;32m  OK  [0m] Started Initial cloud-init job (metadata service crawler).
[[0;32m  OK  [0m] Reached target Network is Online.
[[0;32m  OK  [0m] Reached target Remote File Systems (Pre).
[[0;32m  OK  [0m] Reached target Remote File Systems.
         Starting Availability of block devices...
[[0;32m  OK  [0m] Reached target System Initialization.
[[0;32m  OK  [0m] Started Discard unused blocks once a week.
[[0;32m  OK  [0m] Started Message of the Day.
[[0;32m  OK  [0m] Started Daily Cleanup of Temporary Directories.
         Starting Socket activation for snappy daemon.
[[0;32m  OK  [0m] Listening on UUID daemon activation socket.
[[0;32m  OK  [0m] Listening on ACPID Listen Socket.
[[0;32m  OK  [0m] Started ACPI Events Check.
         Starting LXD - unix socket.
[[0;32m  OK  [0m] Listening on D-Bus System Message Bus Socket.
[[0;32m  OK  [0m] Reached target Paths.
[[0;32m  OK  [0m] Started Daily apt download activities.
[[0;32m  OK  [0m] Started Daily apt upgrade and clean activities.
[[0;32m  OK  [0m] Reached target Timers.
[[0;32m  OK  [0m] Listening on Open-iSCSI iscsid Socket.
[[0;32m  OK  [0m] Reached target Cloud-config availability.
[[0;32m  OK  [0m] Listening on Socket activation for snappy daemon.
[[0;32m  OK  [0m] Listening on LXD - unix socket.
[[0;32m  OK  [0m] Reached target Sockets.
[[0;32m  OK  [0m] Reached target Basic System.
         Starting Snappy daemon...
         Starting Accounts Service...
[[0;32m  OK  [0m] Started D-Bus System Message Bus.
         Starting Login Service...
[[0;32m  OK  [0m] Started Deferred execution scheduler.
[[0;32m  OK  [0m] Started Regular background program processing daemon.
         Starting System Logging Service...
         Starting Permit User Sessions...
[[0;32m  OK  [0m] Started FUSE filesystem for LXC.
         Starting Dispatcher daemon for systemd-networkd...
         Starting LSB: Record successful boot for GRUB...
         Starting Pollinate to seed the pseudo random number generator...
         Starting Virtualbox guest utils...
[[0;32m  OK  [0m] Started irqbalance daemon.
         Starting LSB: automatic crash report generation...
         Starting LXD - container startup/shutdown...
[[0;32m  OK  [0m] Started Availability of block devices.
         Starting Authorization Manager...
[[0;32m  OK  [0m] Started Login Service.
[[0;32m  OK  [0m] Started Unattended Upgrades Shutdown.
[[0;32m  OK  [0m] Started Permit User Sessions.
         Starting Terminate Plymouth Boot Screen...
         Starting Hold until boot process finishes up...
[[0;32m  OK  [0m] Started Hold until boot process finishes up.
[[0;32m  OK  [0m] Started Serial Getty on ttyS0.
         Starting Set console scheme...
[[0;32m  OK  [0m] Started Terminate Plymouth Boot Screen.
[[0;32m  OK  [0m] Started Authorization Manager.
[[0;32m  OK  [0m] Started Accounts Service.
[[0;32m  OK  [0m] Started Set console scheme.
[[0;32m  OK  [0m] Created slice system-getty.slice.
[[0;32m  OK  [0m] Started Getty on tty1.
[[0;32m  OK  [0m] Reached target Login Prompts.
[[0;32m  OK  [0m] Started LSB: Record successful boot for GRUB.
[[0;32m  OK  [0m] Started Virtualbox guest utils.
[[0;32m  OK  [0m] Started LSB: automatic crash report generation.
[[0;32m  OK  [0m] Started System Logging Service.
[[0;32m  OK  [0m] Started LXD - container startup/shutdown.
[[0;32m  OK  [0m] Started Snappy daemon.
         Starting Wait until snapd is fully seeded...
[[0;32m  OK  [0m] Started Dispatcher daemon for systemd-networkd.
[[0;32m  OK  [0m] Started Wait until snapd is fully seeded.
         Starting Apply the settings specified in cloud-config...
[[0;32m  OK  [0m] Started Pollinate to seed the pseudo random number generator.
         Starting OpenBSD Secure Shell server...
[[0;32m  OK  [0m] Started OpenBSD Secure Shell server.
[[0;32m  OK  [0m] Reached target Multi-User System.
[[0;32m  OK  [0m] Reached target Graphical Interface.
         Starting Update UTMP about System Runlevel Changes...
[[0;32m  OK  [0m] Started Update UTMP about System Runlevel Changes.
[[0;32m  OK  [0m] Created slice User Slice of vagrant.
         Starting User Manager for UID 1000...
[[0;32m  OK  [0m] Started Session 1 of user vagrant.
[[0;32m  OK  [0m] Started User Manager for UID 1000.
[   13.960793] cloud-init[1250]: Cloud-init v. 19.4-33-gbb4131a2-0ubuntu1~18.04.1 running 'modules:config' at Sat, 28 Mar 2020 08:35:06 +0000. Up 13.47 seconds.
[[0;32m  OK  [0m] Started Apply the settings specified in cloud-config.
         Starting Execute cloud user/final scripts...
ci-info: no authorized SSH keys fingerprints found for user ubuntu.
<14>Mar 28 08:35:07 ec2: 
<14>Mar 28 08:35:07 ec2: #############################################################
<14>Mar 28 08:35:07 ec2: -----BEGIN SSH HOST KEY FINGERPRINTS-----
<14>Mar 28 08:35:07 ec2: 1024 SHA256:gFcYy07goeiVTpVTfNzfweh7m6ccVdf0zt8ee3krEYM root@ubuntu-bionic (DSA)
<14>Mar 28 08:35:07 ec2: 256 SHA256:IBwVYicyDSjclo0fRjelXyf1eB5dgXGOGoKpT7gSFzI root@ubuntu-bionic (ECDSA)
<14>Mar 28 08:35:07 ec2: 256 SHA256:y9G2nV3Ibb3D5/FzSRCCST4Gsug3nJleEBxMDUgmgQk root@ubuntu-bionic (ED25519)
<14>Mar 28 08:35:07 ec2: 2048 SHA256:zBB1fsnqjx5ZdT5QuPxfV7N5A4qRSZONNsVVqjpZr54 root@ubuntu-bionic (RSA)
<14>Mar 28 08:35:07 ec2: -----END SSH HOST KEY FINGERPRINTS-----
<14>Mar 28 08:35:07 ec2: #############################################################
-----BEGIN SSH HOST KEY KEYS-----
ecdsa-sha2-nistp256 AAAAE2VjZHNhLXNoYTItbmlzdHAyNTYAAAAIbmlzdHAyNTYAAABBBI081N29rpNyta/MZNKMe2MsfAASMxOvvnDa/VHLJMJmrRZ63eSA1XnarbjtlnIJlTqgxP/1WayQx+XCDTlRn5Y= root@ubuntu-bionic
ssh-ed25519 AAAAC3NzaC1lZDI1NTE5AAAAIKx6Gsa6lQw0ft2H8LjmPuRiuQIYsmgnrdM5IXrEFC8B root@ubuntu-bionic
ssh-rsa AAAAB3NzaC1yc2EAAAADAQABAAABAQDCpOPB1mJhSdVSUQ27x1hTi+c51TOAHwLBlgOXTkjNG6DMqVuXCI37yxkG+cDHBiserU6U0GA9vqVjeSJYLPX8J32aZt88Cdx/8jW44rANjh6XZM89RqiSqSIJuvrwavScaI4NcxAf7roJucuoDPdpKEg6EnLcRAp/xuh7JksI/LzrIxH5qcIFVBA5f1VNidW3AURZlO3xF06+cQoMo2EzmjnLmhdOKILFk0nFKnzIBKfGioBcgwzIDQpkzpjiAH4wfCVx3ek0ykn3pNc9AoQOZicEWEWGOtWgwklUw/Bni8Uy1CI0GUiWLh+kvLzFS/ZncDMASrWTU4El0wJghzyv root@ubuntu-bionic
-----END SSH HOST KEY KEYS-----
[   14.592255] cloud-init[1384]: Cloud-init v. 19.4-33-gbb4131a2-0ubuntu1~18.04.1 running 'modules:final' at Sat, 28 Mar 2020 08:35:07 +0000. Up 14.34 seconds.
[   14.593485] cloud-init[1384]: ci-info: no authorized SSH keys fingerprints found for user ubuntu.
[   14.594160] cloud-init[1384]: Cloud-init v. 19.4-33-gbb4131a2-0ubuntu1~18.04.1 finished at Sat, 28 Mar 2020 08:35:07 +0000. Datasource DataSourceNoCloud [seed=/dev/sdb][dsmode=net].  Up 14.57 seconds
[[0;32m  OK  [0m] Started Execute cloud user/final scripts.
[[0;32m  OK  [0m] Reached target Cloud-init target.

Ubuntu 18.04.4 LTS ubuntu-bionic ttyS0

ubuntu-bionic login: 